<?xml version="1.0" encoding="UTF-8"?>
<!-- Generated by org.testng.reporters.JUnitXMLReporter -->
<testsuite ignored="8" hostname="LTIN509473" failures="1" tests="1" name="Default test(failed)" time="10.388" errors="0" timestamp="2024-10-18T10:14:52 IST">
  <testcase classname="trivago.HotelBookingDetails" name="verifyTitle" time="0.02">
    <failure type="java.lang.AssertionError" message="expected [   trivago.in - Compare hotel prices worldwide] but found [trivago.in - Compare hotel prices worldwide]">
      <![CDATA[java.lang.AssertionError: expected [   trivago.in - Compare hotel prices worldwide] but found [trivago.in - Compare hotel prices worldwide]
at trivago.HotelBookingDetails.verifyTitle(HotelBookingDetails.java:47)
at java.base/java.util.ArrayList.forEach(ArrayList.java:1597)
... Removed 31 stack frames]]>
    </failure>
  </testcase> <!-- verifyTitle -->
  <testcase classname="trivago.HotelBookingDetails" name="selectDestination" time="0.0">
    <ignored/>
  </testcase> <!-- selectDestination -->
  <testcase classname="trivago.HotelBookingDetails" name="searchHotels" time="0.0">
    <ignored/>
  </testcase> <!-- searchHotels -->
  <testcase classname="trivago.HotelBookingDetails" name="verifyHotelNamesAndPrices" time="0.0">
    <ignored/>
  </testcase> <!-- verifyHotelNamesAndPrices -->
  <testcase classname="trivago.HotelBookingDetails" name="selectGuests" time="0.0">
    <ignored/>
  </testcase> <!-- selectGuests -->
  <testcase classname="trivago.HotelBookingDetails" name="verifyHotelRatingsAreSorted" time="0.0">
    <ignored/>
  </testcase> <!-- verifyHotelRatingsAreSorted -->
  <testcase classname="trivago.HotelBookingDetails" name="capturePage" time="0.0">
    <ignored/>
  </testcase> <!-- capturePage -->
  <testcase classname="trivago.HotelBookingDetails" name="selectDate" time="0.0">
    <ignored/>
  </testcase> <!-- selectDate -->
  <testcase classname="trivago.HotelBookingDetails" name="sortHotelsByRating" time="0.0">
    <ignored/>
  </testcase> <!-- sortHotelsByRating -->
</testsuite> <!-- Default test(failed) -->
