<?xml version="1.0" encoding="UTF-8"?>
<!-- Generated by org.testng.reporters.JUnitXMLReporter -->
<testsuite ignored="0" hostname="LTIN509473" failures="0" tests="11" name="Default test" time="0.08" errors="0" timestamp="2024-10-23T22:10:54 IST">
  <testcase classname="trivago.BaseClass" name="@BeforeClass setUp" time="-1.729701654843E9">
    <failure type="org.testng.TestNGException" message="
Parameter &amp;apos;browser&amp;apos; is required by BeforeClass on method setUp but has not been marked @Optional or defined
in C:\Users\2320670\AppData\Local\Temp\testng-eclipse-1583692928\testng-customsuite.xml">
      <![CDATA[org.testng.TestNGException: 
Parameter 'browser' is required by BeforeClass on method setUp but has not been marked @Optional or defined
in C:\Users\2320670\AppData\Local\Temp\testng-eclipse-1583692928\testng-customsuite.xml
at org.testng.internal.Parameters.createParams(Parameters.java:270)
at org.testng.internal.Parameters.createParametersForMethod(Parameters.java:358)
at org.testng.internal.Parameters.createParameters(Parameters.java:700)
at org.testng.internal.Parameters.createConfigurationParameters(Parameters.java:168)
at org.testng.internal.ConfigInvoker.invokeConfigurations(ConfigInvoker.java:302)
at org.testng.internal.TestMethodWorker.invokeBeforeClassMethods(TestMethodWorker.java:176)
at org.testng.internal.TestMethodWorker.run(TestMethodWorker.java:122)
at java.base/java.util.ArrayList.forEach(ArrayList.java:1597)
at org.testng.TestRunner.privateRun(TestRunner.java:794)
at org.testng.TestRunner.run(TestRunner.java:596)
at org.testng.SuiteRunner.runTest(SuiteRunner.java:377)
at org.testng.SuiteRunner.runSequentially(SuiteRunner.java:371)
at org.testng.SuiteRunner.privateRun(SuiteRunner.java:332)
at org.testng.SuiteRunner.run(SuiteRunner.java:276)
at org.testng.SuiteRunnerWorker.runSuite(SuiteRunnerWorker.java:53)
at org.testng.SuiteRunnerWorker.run(SuiteRunnerWorker.java:96)
at org.testng.TestNG.runSuitesSequentially(TestNG.java:1212)
at org.testng.TestNG.runSuitesLocally(TestNG.java:1134)
at org.testng.TestNG.runSuites(TestNG.java:1063)
at org.testng.TestNG.run(TestNG.java:1031)
at org.testng.remote.AbstractRemoteTestNG.run(AbstractRemoteTestNG.java:115)
at org.testng.remote.RemoteTestNG.initAndRun(RemoteTestNG.java:251)
at org.testng.remote.RemoteTestNG.main(RemoteTestNG.java:77)
]]>
    </failure>
  </testcase> <!-- @BeforeClass setUp -->
  <testcase classname="trivago.BaseClass" name="@AfterClass tearDown" time="-1.729701654904E9">
    <skipped/>
  </testcase> <!-- @AfterClass tearDown -->
  <testcase classname="trivago.HotelBookingDetails" name="capturePage" time="0.0">
    <skipped/>
  </testcase> <!-- capturePage -->
  <testcase classname="trivago.HotelBookingDetails" name="verifyTitle" time="0.0">
    <skipped/>
  </testcase> <!-- verifyTitle -->
  <testcase classname="trivago.HotelBookingDetails" name="scrollByPixels" time="0.0">
    <skipped/>
  </testcase> <!-- scrollByPixels -->
  <testcase classname="trivago.HotelBookingDetails" name="testUsingExcelData" time="0.0">
    <skipped/>
  </testcase> <!-- testUsingExcelData -->
  <testcase classname="trivago.HotelBookingDetails" name="selectDate" time="0.0">
    <skipped/>
  </testcase> <!-- selectDate -->
  <testcase classname="trivago.HotelBookingDetails" name="selectGuests" time="0.0">
    <skipped/>
  </testcase> <!-- selectGuests -->
  <testcase classname="trivago.HotelBookingDetails" name="searchHotels" time="0.0">
    <skipped/>
  </testcase> <!-- searchHotels -->
  <testcase classname="trivago.HotelBookingDetails" name="sortHotelsByRating" time="0.0">
    <skipped/>
  </testcase> <!-- sortHotelsByRating -->
  <testcase classname="trivago.HotelBookingDetails" name="testScrollByPixels" time="0.0">
    <skipped/>
  </testcase> <!-- testScrollByPixels -->
  <testcase classname="trivago.HotelBookingDetails" name="verifyHotelNamesAndPrices" time="0.0">
    <skipped/>
  </testcase> <!-- verifyHotelNamesAndPrices -->
  <testcase classname="trivago.HotelBookingDetails" name="verifyHotelRatingsAreSorted" time="0.0">
    <skipped/>
  </testcase> <!-- verifyHotelRatingsAreSorted -->
</testsuite> <!-- Default test -->
