<?xml version="1.0" encoding="UTF-8"?>
<!-- Generated by org.testng.reporters.JUnitXMLReporter -->
<testsuite ignored="9" hostname="LTIN509473" failures="1" tests="1" name="ChromeTest(failed)" time="10.009" errors="0" timestamp="2024-10-21T22:28:24 IST">
  <testcase classname="trivago.HotelBookingDetails" name="searchHotels" time="1.172">
    <failure type="org.openqa.selenium.ElementClickInterceptedException" message="element click intercepted: Element &amp;lt;button type=&amp;quot;button&amp;quot; class=&amp;quot;_3tjlp_ E0SAeq&amp;quot; data-testid=&amp;quot;search-button-with-loader&amp;quot;&amp;gt;...&amp;lt;/button&amp;gt; is not clickable at point (1048, 384). Other element would receive the click: &amp;lt;div class=&amp;quot;crTI4l aH9ZHO DQ5Die&amp;quot; data-testid=&amp;quot;homepage-login-floating-banner&amp;quot;&amp;gt;...&amp;lt;/div&amp;gt;
  (Session info: chrome=127.0.6533.73)
Build info: version: &amp;apos;4.25.0&amp;apos;, revision: &amp;apos;8a8aea2337&amp;apos;
System info: os.name: &amp;apos;Windows 11&amp;apos;, os.arch: &amp;apos;amd64&amp;apos;, os.version: &amp;apos;10.0&amp;apos;, java.version: &amp;apos;22.0.2&amp;apos;
Driver info: org.openqa.selenium.chrome.ChromeDriver
Command: [a448f98983c0f2135c0f8e5163a41fed, clickElement {id=f.69E98CE4AFCFA7970465D71E77EFE345.d.9C32FD127316559BE2B514E3FF5C8A3A.e.50}]
Capabilities {acceptInsecureCerts: false, browserName: chrome, browserVersion: 127.0.6533.73, chrome: {chromedriverVersion: 127.0.6533.119 (bdef6783a05..., userDataDir: C:\Windows\SystemTemp\scope...}, fedcm:accounts: true, goog:chromeOptions: {debuggerAddress: localhost:54277}, networkConnectionEnabled: false, pageLoadStrategy: normal, platformName: windows, proxy: Proxy(), se:cdp: ws://localhost:54277/devtoo..., se:cdpVersion: 127.0.6533.73, setWindowRect: true, strictFileInteractability: false, timeouts: {implicit: 0, pageLoad: 300000, script: 30000}, unhandledPromptBehavior: dismiss and notify, webauthn:extension:credBlob: true, webauthn:extension:largeBlob: true, webauthn:extension:minPinLength: true, webauthn:extension:prf: true, webauthn:virtualAuthenticators: true}
Element: [[ChromeDriver: chrome on windows (a448f98983c0f2135c0f8e5163a41fed)] -&amp;gt; xpath: //button[@data-testid =&amp;apos;search-button-with-loader&amp;apos;]]
Session ID: a448f98983c0f2135c0f8e5163a41fed">
      <![CDATA[org.openqa.selenium.ElementClickInterceptedException: element click intercepted: Element <button type="button" class="_3tjlp_ E0SAeq" data-testid="search-button-with-loader">...</button> is not clickable at point (1048, 384). Other element would receive the click: <div class="crTI4l aH9ZHO DQ5Die" data-testid="homepage-login-floating-banner">...</div>
  (Session info: chrome=127.0.6533.73)
Build info: version: '4.25.0', revision: '8a8aea2337'
System info: os.name: 'Windows 11', os.arch: 'amd64', os.version: '10.0', java.version: '22.0.2'
Driver info: org.openqa.selenium.chrome.ChromeDriver
Command: [a448f98983c0f2135c0f8e5163a41fed, clickElement {id=f.69E98CE4AFCFA7970465D71E77EFE345.d.9C32FD127316559BE2B514E3FF5C8A3A.e.50}]
Capabilities {acceptInsecureCerts: false, browserName: chrome, browserVersion: 127.0.6533.73, chrome: {chromedriverVersion: 127.0.6533.119 (bdef6783a05..., userDataDir: C:\Windows\SystemTemp\scope...}, fedcm:accounts: true, goog:chromeOptions: {debuggerAddress: localhost:54277}, networkConnectionEnabled: false, pageLoadStrategy: normal, platformName: windows, proxy: Proxy(), se:cdp: ws://localhost:54277/devtoo..., se:cdpVersion: 127.0.6533.73, setWindowRect: true, strictFileInteractability: false, timeouts: {implicit: 0, pageLoad: 300000, script: 30000}, unhandledPromptBehavior: dismiss and notify, webauthn:extension:credBlob: true, webauthn:extension:largeBlob: true, webauthn:extension:minPinLength: true, webauthn:extension:prf: true, webauthn:virtualAuthenticators: true}
Element: [[ChromeDriver: chrome on windows (a448f98983c0f2135c0f8e5163a41fed)] -> xpath: //button[@data-testid ='search-button-with-loader']]
Session ID: a448f98983c0f2135c0f8e5163a41fed
at org.openqa.selenium.remote.ErrorCodec.decode(ErrorCodec.java:167)
at org.openqa.selenium.remote.codec.w3c.W3CHttpResponseCodec.decode(W3CHttpResponseCodec.java:138)
at org.openqa.selenium.remote.codec.w3c.W3CHttpResponseCodec.decode(W3CHttpResponseCodec.java:50)
at org.openqa.selenium.remote.HttpCommandExecutor.execute(HttpCommandExecutor.java:190)
at org.openqa.selenium.remote.service.DriverCommandExecutor.invokeExecute(DriverCommandExecutor.java:216)
at org.openqa.selenium.remote.service.DriverCommandExecutor.execute(DriverCommandExecutor.java:174)
at org.openqa.selenium.remote.RemoteWebDriver.execute(RemoteWebDriver.java:545)
at org.openqa.selenium.remote.RemoteWebElement.execute(RemoteWebElement.java:223)
at org.openqa.selenium.remote.RemoteWebElement.click(RemoteWebElement.java:76)
at trivago.HotelBookingDetails.searchHotels(HotelBookingDetails.java:115)
at java.base/java.util.ArrayList.forEach(ArrayList.java:1597)
at java.base/java.util.concurrent.FutureTask.run(FutureTask.java:317)
at java.base/java.util.concurrent.ThreadPoolExecutor.runWorker(ThreadPoolExecutor.java:1144)
at java.base/java.util.concurrent.ThreadPoolExecutor$Worker.run(ThreadPoolExecutor.java:642)
at java.base/java.lang.Thread.run(Thread.java:1570)
... Removed 19 stack frames]]>
    </failure>
  </testcase> <!-- searchHotels -->
  <testcase classname="trivago.HotelBookingDetails" name="verifyHotelNamesAndPrices" time="0.0">
    <ignored/>
  </testcase> <!-- verifyHotelNamesAndPrices -->
  <testcase classname="trivago.HotelBookingDetails" name="selectGuests" time="0.0">
    <ignored/>
  </testcase> <!-- selectGuests -->
  <testcase classname="trivago.HotelBookingDetails" name="verifyHotelRatingsAreSorted" time="0.0">
    <ignored/>
  </testcase> <!-- verifyHotelRatingsAreSorted -->
  <testcase classname="trivago.HotelBookingDetails" name="verifyTitle" time="0.0">
    <ignored/>
  </testcase> <!-- verifyTitle -->
  <testcase classname="trivago.HotelBookingDetails" name="capturePage" time="0.0">
    <ignored/>
  </testcase> <!-- capturePage -->
  <testcase classname="trivago.HotelBookingDetails" name="testUsingExcelData" time="0.0">
    <ignored/>
  </testcase> <!-- testUsingExcelData -->
  <testcase classname="trivago.HotelBookingDetails" name="selectDate" time="0.0">
    <ignored/>
  </testcase> <!-- selectDate -->
  <testcase classname="trivago.HotelBookingDetails" name="testScrollByPixels" time="0.0">
    <ignored/>
  </testcase> <!-- testScrollByPixels -->
  <testcase classname="trivago.HotelBookingDetails" name="sortHotelsByRating" time="0.0">
    <ignored/>
  </testcase> <!-- sortHotelsByRating -->
</testsuite> <!-- ChromeTest(failed) -->
