<?xml version="1.0" encoding="UTF-8"?>
<!-- Generated by org.testng.reporters.JUnitReportReporter -->
<testsuite hostname="LTIN509473" failures="1" tests="7" name="trivago.NewTest" time="96.095" errors="0" timestamp="2024-10-17T17:31:39 IST" skipped="1">
  <testcase classname="trivago.NewTest" name="selectDestination" time="13.274"/>
  <system-out/>
  <testcase classname="trivago.NewTest" name="selectDate" time="16.500"/>
  <system-out/>
  <testcase classname="trivago.NewTest" name="selectGuests" time="19.466"/>
  <system-out/>
  <testcase classname="trivago.NewTest" name="searchHotels" time="13.324"/>
  <system-out/>
  <testcase classname="trivago.NewTest" name="sortHotelsByRating" time="13.427"/>
  <system-out/>
  <testcase classname="trivago.NewTest" name="verifyHotelNamesAndPrices" time="20.104">
    <failure message="Less than 5 hotels found! expected [true] but found [false]" type="java.lang.AssertionError">
      <![CDATA[java.lang.AssertionError: Less than 5 hotels found! expected [true] but found [false]
at org.testng.Assert.fail(Assert.java:99)
at org.testng.Assert.failNotEquals(Assert.java:1037)
at org.testng.Assert.assertTrue(Assert.java:45)
at trivago.NewTest.verifyHotelNamesAndPrices(NewTest.java:347)
at java.base/jdk.internal.reflect.DirectMethodHandleAccessor.invoke(DirectMethodHandleAccessor.java:103)
at java.base/java.lang.reflect.Method.invoke(Method.java:580)
at org.testng.internal.MethodInvocationHelper.invokeMethod(MethodInvocationHelper.java:133)
at org.testng.internal.TestInvoker.invokeMethod(TestInvoker.java:598)
at org.testng.internal.TestInvoker.invokeTestMethod(TestInvoker.java:173)
at org.testng.internal.MethodRunner.runInSequence(MethodRunner.java:46)
at org.testng.internal.TestInvoker$MethodInvocationAgent.invoke(TestInvoker.java:824)
at org.testng.internal.TestInvoker.invokeTestMethods(TestInvoker.java:146)
at org.testng.internal.TestMethodWorker.invokeTestMethods(TestMethodWorker.java:146)
at org.testng.internal.TestMethodWorker.run(TestMethodWorker.java:128)
at java.base/java.util.ArrayList.forEach(ArrayList.java:1597)
at org.testng.TestRunner.privateRun(TestRunner.java:794)
at org.testng.TestRunner.run(TestRunner.java:596)
at org.testng.SuiteRunner.runTest(SuiteRunner.java:377)
at org.testng.SuiteRunner.runSequentially(SuiteRunner.java:371)
at org.testng.SuiteRunner.privateRun(SuiteRunner.java:332)
at org.testng.SuiteRunner.run(SuiteRunner.java:276)
at org.testng.SuiteRunnerWorker.runSuite(SuiteRunnerWorker.java:53)
at org.testng.SuiteRunnerWorker.run(SuiteRunnerWorker.java:96)
at org.testng.TestNG.runSuitesSequentially(TestNG.java:1212)
at org.testng.TestNG.runSuitesLocally(TestNG.java:1134)
at org.testng.TestNG.runSuites(TestNG.java:1063)
at org.testng.TestNG.run(TestNG.java:1031)
at org.testng.remote.AbstractRemoteTestNG.run(AbstractRemoteTestNG.java:115)
at org.testng.remote.RemoteTestNG.initAndRun(RemoteTestNG.java:251)
at org.testng.remote.RemoteTestNG.main(RemoteTestNG.java:77)
]]>
    </failure>
  </testcase> <!-- verifyHotelNamesAndPrices -->
  <system-out/>
  <testcase classname="trivago.NewTest" name="verifyHotelRatingsAreSorted" time="0.000">
    <skipped/>
  </testcase> <!-- verifyHotelRatingsAreSorted -->
  <system-out/>
</testsuite> <!-- trivago.NewTest -->
